<?xml version="1.0" encoding="UTF-8" ?>
<testsuite tests="22" failures="0" name="BDDjunitpack1.TestRunner" time="0.022" errors="0" skipped="0">
  <properties>
    <property name="java.vendor" value="Oracle Corporation"/>
    <property name="JOB_NAME" value="BDDJunit"/>
    <property name="sun.java.launcher" value="SUN_STANDARD"/>
    <property name="NUMBER_OF_PROCESSORS" value="4"/>
    <property name="sun.management.compiler" value="HotSpot 64-Bit Tiered Compilers"/>
    <property name="JENKINS_HOME" value="C:\Users\Arif\.jenkins"/>
    <property name="HUDSON_SERVER_COOKIE" value="aeb13d2f51513728"/>
    <property name="POM_ARTIFACTID" value="BDDwithJunit"/>
    <property name="os.name" value="Windows 10"/>
    <property name="sun.boot.class.path" value="C:\Program Files\Java\jdk1.8.0_161\jre\lib\resources.jar;C:\Program Files\Java\jdk1.8.0_161\jre\lib\rt.jar;C:\Program Files\Java\jdk1.8.0_161\jre\lib\sunrsasign.jar;C:\Program Files\Java\jdk1.8.0_161\jre\lib\jsse.jar;C:\Program Files\Java\jdk1.8.0_161\jre\lib\jce.jar;C:\Program Files\Java\jdk1.8.0_161\jre\lib\charsets.jar;C:\Program Files\Java\jdk1.8.0_161\jre\lib\jfr.jar;C:\Program Files\Java\jdk1.8.0_161\jre\classes"/>
    <property name="EXECUTOR_NUMBER" value="0"/>
    <property name="sun.desktop" value="windows"/>
    <property name="PATHEXT" value=".COM;.EXE;.BAT;.CMD;.VBS;.VBE;.JS;.JSE;.WSF;.WSH;.MSC;.CPL"/>
    <property name="java.vm.specification.vendor" value="Oracle Corporation"/>
    <property name="POM_DISPLAYNAME" value="BDDwithJunit"/>
    <property name="NODE_LABELS" value="master"/>
    <property name="TEMP" value="C:\Users\Arif\AppData\Local\Temp"/>
    <property name="java.runtime.version" value="1.8.0_161-b12"/>
    <property name="user.name" value="Arif"/>
    <property name="guice.disable.misplaced.annotation.check" value="true"/>
    <property name="CommonProgramW6432" value="C:\Program Files\Common Files"/>
    <property name="ProgramFiles" value="C:\Program Files"/>
    <property name="user.language" value="en"/>
    <property name="JOB_BASE_NAME" value="BDDJunit"/>
    <property name="RUN_CHANGES_DISPLAY_URL" value="http://localhost:9090/job/BDDJunit/7/display/redirect?page=changes"/>
    <property name="BUILD_DISPLAY_NAME" value="#7"/>
    <property name="OneDrive" value="C:\Users\Arif\OneDrive"/>
    <property name="sun.boot.library.path" value="C:\Program Files\Java\jdk1.8.0_161\jre\bin"/>
    <property name="GIT_PREVIOUS_SUCCESSFUL_COMMIT" value="fbb22c691ecdc00827d09151ed7f0fa50f196c5d"/>
    <property name="LOCALAPPDATA" value="C:\Users\Arif\AppData\Local"/>
    <property name="java.version" value="1.8.0_161"/>
    <property name="PROCESSOR_LEVEL" value="6"/>
    <property name="user.timezone" value="Asia/Karachi"/>
    <property name="USERNAME" value="Arif"/>
    <property name="sun.arch.data.model" value="64"/>
    <property name="NODE_NAME" value="master"/>
    <property name="java.endorsed.dirs" value="C:\Program Files\Java\jdk1.8.0_161\jre\lib\endorsed"/>
    <property name="BUILD_ID" value="7"/>
    <property name="sun.cpu.isalist" value="amd64"/>
    <property name="sun.jnu.encoding" value="Cp1252"/>
    <property name="file.encoding.pkg" value="sun.io"/>
    <property name="file.separator" value="\"/>
    <property name="java.specification.name" value="Java Platform API Specification"/>
    <property name="HOMEDRIVE" value="C:"/>
    <property name="maven.conf" value="C:\Program Files\Apache\maven\conf"/>
    <property name="java.class.version" value="52.0"/>
    <property name="=::" value="::\"/>
    <property name="org.slf4j.simpleLogger.defaultLogLevel" value="info"/>
    <property name="user.country" value="US"/>
    <property name="ALLUSERSPROFILE" value="C:\ProgramData"/>
    <property name="java.home" value="C:\Program Files\Java\jdk1.8.0_161\jre"/>
    <property name="java.vm.info" value="mixed mode"/>
    <property name="os.version" value="10.0"/>
    <property name="=F:" value="F:\"/>
    <property name="RUN_DISPLAY_URL" value="http://localhost:9090/job/BDDJunit/7/display/redirect"/>
    <property name="POM_VERSION" value="1.0-SNAPSHOT"/>
    <property name="TMP" value="C:\Users\Arif\AppData\Local\Temp"/>
    <property name="path.separator" value=";"/>
    <property name="java.vm.version" value="25.161-b12"/>
    <property name="user.variant" value=""/>
    <property name="GIT_PREVIOUS_COMMIT" value="ca5582a400b2b8f25052009432256cb2cc69d778"/>
    <property name="JOB_DISPLAY_URL" value="http://localhost:9090/job/BDDJunit/display/redirect"/>
    <property name="CommonProgramFiles(x86)" value="C:\Program Files (x86)\Common Files"/>
    <property name="USERDOMAIN_ROAMINGPROFILE" value="DESKTOP-079R0TJ"/>
    <property name="java.awt.printerjob" value="sun.awt.windows.WPrinterJob"/>
    <property name="JAVA_HOME" value="C:\Program Files\Java\jdk1.8.0_161"/>
    <property name="sun.io.unicode.encoding" value="UnicodeLittle"/>
    <property name="CommonProgramFiles" value="C:\Program Files\Common Files"/>
    <property name="ComSpec" value="C:\WINDOWS\system32\cmd.exe"/>
    <property name="HOMEPATH" value="\Users\Arif"/>
    <property name="awt.toolkit" value="sun.awt.windows.WToolkit"/>
    <property name="POM_PACKAGING" value="jar"/>
    <property name="user.script" value=""/>
    <property name="COMPUTERNAME" value="DESKTOP-079R0TJ"/>
    <property name="POM_GROUPID" value="BDDTest"/>
    <property name="user.home" value="C:\Users\Arif"/>
    <property name="PUBLIC" value="C:\Users\Public"/>
    <property name="BUILD_TAG" value="jenkins-BDDJunit-7"/>
    <property name="JENKINS_SERVER_COOKIE" value="aeb13d2f51513728"/>
    <property name="HUDSON_URL" value="http://localhost:9090/"/>
    <property name="ProgramData" value="C:\ProgramData"/>
    <property name="java.specification.vendor" value="Oracle Corporation"/>
    <property name="USERPROFILE" value="C:\Users\Arif"/>
    <property name="CLASSPATH" value=""/>
    <property name="java.vendor.url" value="http://java.oracle.com/"/>
    <property name="java.library.path" value="C:\Program Files\Java\jdk1.8.0_161\bin;C:\WINDOWS\Sun\Java\bin;C:\WINDOWS\system32;C:\WINDOWS;C:\Program Files\Apache\maven/bin;C:\Program Files\Java\jdk1.8.0_161/bin;C:\Program Files\Java\jdk1.8.0_161/bin;C:\ProgramData\Oracle\Java\javapath;C:\WINDOWS\system32;C:\WINDOWS;C:\WINDOWS\System32\Wbem;C:\WINDOWS\System32\WindowsPowerShell\v1.0\;C:\Program Files\Apache\maven\bin;%C:\Program Files\Java\jdk1.8.0_161%\bin;C:\Program Files\Git\bin\git.exe;C:\xampp\php;C:\ProgramData\ComposerSetup\bin;C:\Users\Arif\AppData\Local\Android\sdk\tools;C:\Users\Arif\AppData\Local\Android\sdk\tools\bin;C:\Program Files\Java\jre1.8.0_161\bin;C:\Users\Arif\AppData\Roaming\Composer\vendor\bin;C:\Users\Arif\AppData\Local\Microsoft\WindowsApps;;."/>
    <property name="java.vm.vendor" value="Oracle Corporation"/>
    <property name="APPDATA" value="C:\Users\Arif\AppData\Roaming"/>
    <property name="java.runtime.name" value="Java(TM) SE Runtime Environment"/>
    <property name="maven.home" value="C:\Program Files\Apache\maven"/>
    <property name="java.class.path" value="C:\Users\Arif\.jenkins\plugins\maven-plugin\WEB-INF\lib\maven35-agent-1.12-alpha-1.jar;C:\Program Files\Apache\maven\boot\plexus-classworlds-2.5.2.jar;C:\Program Files\Apache\maven/conf/logging"/>
    <property name="sun.java.command" value="jenkins.maven3.agent.Maven35Main C:\Program Files\Apache\maven C:\Users\Arif\.jenkins\war\WEB-INF\lib\remoting-3.14.jar C:\Users\Arif\.jenkins\plugins\maven-plugin\WEB-INF\lib\maven35-interceptor-1.12-alpha-1.jar C:\Users\Arif\.jenkins\plugins\maven-plugin\WEB-INF\lib\maven3-interceptor-commons-1.12-alpha-1.jar 59100"/>
    <property name="Path" value="C:\Program Files\Java\jdk1.8.0_161/bin;C:\ProgramData\Oracle\Java\javapath;C:\WINDOWS\system32;C:\WINDOWS;C:\WINDOWS\System32\Wbem;C:\WINDOWS\System32\WindowsPowerShell\v1.0\;C:\Program Files\Apache\maven\bin;%C:\Program Files\Java\jdk1.8.0_161%\bin;C:\Program Files\Git\bin\git.exe;C:\xampp\php;C:\ProgramData\ComposerSetup\bin;C:\Users\Arif\AppData\Local\Android\sdk\tools;C:\Users\Arif\AppData\Local\Android\sdk\tools\bin;C:\Program Files\Java\jre1.8.0_161\bin;C:\Users\Arif\AppData\Roaming\Composer\vendor\bin;C:\Users\Arif\AppData\Local\Microsoft\WindowsApps;"/>
    <property name="java.vm.specification.name" value="Java Virtual Machine Specification"/>
    <property name="PROCESSOR_ARCHITECTURE" value="AMD64"/>
    <property name="PATH+JDK" value="C:\Program Files\Java\jdk1.8.0_161/bin"/>
    <property name="PROCESSOR_IDENTIFIER" value="Intel64 Family 6 Model 58 Stepping 9, GenuineIntel"/>
    <property name="SESSIONNAME" value="Console"/>
    <property name="java.vm.specification.version" value="1.8"/>
    <property name="sun.os.patch.level" value=""/>
    <property name="sun.cpu.endian" value="little"/>
    <property name="M2_HOME" value="C:\Program Files\Apache\maven"/>
    <property name="java.io.tmpdir" value="C:\Users\Arif\AppData\Local\Temp\"/>
    <property name="OS" value="Windows_NT"/>
    <property name="HUDSON_HOME" value="C:\Users\Arif\.jenkins"/>
    <property name="PATH+MAVEN" value="C:\Program Files\Apache\maven/bin"/>
    <property name="ProgramFiles(x86)" value="C:\Program Files (x86)"/>
    <property name="BUILD_URL" value="http://localhost:9090/job/BDDJunit/7/"/>
    <property name="java.vendor.url.bug" value="http://bugreport.sun.com/bugreport/"/>
    <property name="MAVEN_OPTS" value="-Dmaven.test.failure.ignore=false"/>
    <property name="java.awt.graphicsenv" value="sun.awt.Win32GraphicsEnvironment"/>
    <property name="os.arch" value="amd64"/>
    <property name="SystemRoot" value="C:\WINDOWS"/>
    <property name="java.ext.dirs" value="C:\Program Files\Java\jdk1.8.0_161\jre\lib\ext;C:\WINDOWS\Sun\Java\lib\ext"/>
    <property name="user.dir" value="E:\MyTests\BDDwithJunit"/>
    <property name="JOB_URL" value="http://localhost:9090/job/BDDJunit/"/>
    <property name="LOGONSERVER" value="\\DESKTOP-079R0TJ"/>
    <property name="USERDOMAIN" value="DESKTOP-079R0TJ"/>
    <property name="line.separator" value="
"/>
    <property name="MAVEN_HOME" value="C:\Program Files\Apache\maven"/>
    <property name="java.vm.name" value="Java HotSpot(TM) 64-Bit Server VM"/>
    <property name="BUILD_NUMBER" value="7"/>
    <property name="ANDROID_HOME" value="C:\Users\Arif\AppData\Local\Android\sdk"/>
    <property name="JENKINS_URL" value="http://localhost:9090/"/>
    <property name="PROCESSOR_REVISION" value="3a09"/>
    <property name="maven.test.failure.ignore" value="false"/>
    <property name="GIT_BRANCH" value="origin/master"/>
    <property name="ProgramW6432" value="C:\Program Files"/>
    <property name="windir" value="C:\WINDOWS"/>
    <property name="GIT_COMMIT" value="a598aad631731462573d3d2f7d7eeb3d3df550f7"/>
    <property name="file.encoding" value="Cp1252"/>
    <property name="SystemDrive" value="C:"/>
    <property name="maven3.interceptor" value="C:\Users\Arif\.jenkins\plugins\maven-plugin\WEB-INF\lib\maven35-interceptor-1.12-alpha-1.jar"/>
    <property name="WORKSPACE" value="C:\Users\Arif\.jenkins\workspace\BDDJunit"/>
    <property name="maven3.interceptor.common" value="C:\Users\Arif\.jenkins\plugins\maven-plugin\WEB-INF\lib\maven3-interceptor-commons-1.12-alpha-1.jar"/>
    <property name="java.specification.version" value="1.8"/>
    <property name="PSModulePath" value="C:\Users\Arif\Documents\WindowsPowerShell\Modules;C:\Program Files\WindowsPowerShell\Modules;C:\WINDOWS\system32\WindowsPowerShell\v1.0\Modules\"/>
    <property name="GIT_URL" value="https://github.com/khanhere/JunitCucumber.git"/>
  </properties>
  <testcase classname="Scenario: Appropriate error message is displayed while user provide invalid email id and password" name="Given User is one the SauceLabs Login Page on URL &quot;https://saucelabs.com/beta/login&quot;" time="0.01"/>
  <testcase classname="Scenario: Appropriate error message is displayed while user provide invalid email id and password" name="Then User must be able to see &quot;New&quot; Text" time="0"/>
  <testcase classname="Scenario: Appropriate error message is displayed while user provide invalid email id and password" name="When User provide Username with &quot;test1@gmail.com&quot;" time="0"/>
  <testcase classname="Scenario: Appropriate error message is displayed while user provide invalid email id and password" name="And User provice Password with &quot;test1password&quot;" time="0.001"/>
  <testcase classname="Scenario: Appropriate error message is displayed while user provide invalid email id and password" name="And User click on Login Button" time="0"/>
  <testcase classname="Scenario: Appropriate error message is displayed while user provide invalid email id and password" name="Then I should see the &quot;Invalid username or password&quot; error message" time="0"/>
  <testcase classname="Scenario: Appropriate error message is displayed while user provide invalid email id and password" name="And I should be on SauceLabs Login Page with Title &quot;Sauce Labs | Login&quot;" time="0"/>
  <testcase classname="Scenario: Appropriate error message is displayed while user provide invalid email id and password" name="Scenario: Appropriate error message is displayed while user provide invalid email id and password" time="0.001"/>
  <testcase classname="| test2@gmail.com | testajsdhb | Invalid username or password |" name="Given User is one the SauceLabs Login Page on URL &quot;https://saucelabs.com/beta/login&quot;" time="0"/>
  <testcase classname="| test2@gmail.com | testajsdhb | Invalid username or password |" name="Then User must be able to see &quot;New&quot; Text" time="0"/>
  <testcase classname="| test2@gmail.com | testajsdhb | Invalid username or password |" name="When I provide Username with &quot;test2@gmail.com&quot;" time="0"/>
  <testcase classname="| test2@gmail.com | testajsdhb | Invalid username or password |" name="And I provide Password with &quot;testajsdhb&quot;" time="0"/>
  <testcase classname="| test2@gmail.com | testajsdhb | Invalid username or password |" name="And I click on Login Button" time="0"/>
  <testcase classname="| test2@gmail.com | testajsdhb | Invalid username or password |" name="Then I should view the &quot;Invalid username or password&quot; message" time="0.005"/>
  <testcase classname="| test2@gmail.com | testajsdhb | Invalid username or password |" name="| test2@gmail.com | testajsdhb | Invalid username or password |" time="0.005"/>
  <testcase classname="| test3@gmail.com | est2kjnkdf | Invalid username or password |" name="Given User is one the SauceLabs Login Page on URL &quot;https://saucelabs.com/beta/login&quot;" time="0"/>
  <testcase classname="| test3@gmail.com | est2kjnkdf | Invalid username or password |" name="Then User must be able to see &quot;New&quot; Text" time="0"/>
  <testcase classname="| test3@gmail.com | est2kjnkdf | Invalid username or password |" name="When I provide Username with &quot;test3@gmail.com&quot;" time="0"/>
  <testcase classname="| test3@gmail.com | est2kjnkdf | Invalid username or password |" name="And I provide Password with &quot;est2kjnkdf&quot;" time="0"/>
  <testcase classname="| test3@gmail.com | est2kjnkdf | Invalid username or password |" name="And I click on Login Button" time="0"/>
  <testcase classname="| test3@gmail.com | est2kjnkdf | Invalid username or password |" name="Then I should view the &quot;Invalid username or password&quot; message" time="0"/>
  <testcase classname="| test3@gmail.com | est2kjnkdf | Invalid username or password |" name="| test3@gmail.com | est2kjnkdf | Invalid username or password |" time="0"/>
</testsuite>